e:\3git\asn1\asn1序列化练习\asn1\debug\vc141.pdb
e:\3git\asn1\asn1序列化练习\asn1\debug\vc141.idb
e:\3git\asn1\asn1序列化练习\asn1\debug\teacher.obj
e:\3git\asn1\asn1序列化练习\asn1\debug\main.obj
e:\3git\asn1\asn1序列化练习\asn1\debug\itcast_asn1_der.obj
e:\3git\asn1\asn1序列化练习\asn1\debug\itcastderlog.obj
e:\3git\asn1\asn1序列化练习\debug\asn1.ilk
e:\3git\asn1\asn1序列化练习\debug\asn1.exe
e:\3git\asn1\asn1序列化练习\debug\asn1.pdb
e:\3git\asn1序列化练习\asn1\debug\itcastderlog.obj
e:\3git\asn1序列化练习\asn1\debug\itcast_asn1_der.obj
e:\3git\asn1序列化练习\asn1\debug\main.obj
e:\3git\asn1序列化练习\asn1\debug\teacher.obj
e:\3git\asn1序列化练习\asn1\debug\vc141.idb
e:\3git\asn1序列化练习\asn1\debug\vc141.pdb
e:\3git\asn1序列化练习\debug\asn1.pdb
e:\3git\asn1序列化练习\debug\asn1.exe
e:\3git\asn1序列化练习\debug\asn1.ilk
e:\3git\asn1序列化练习\asn1\debug\asn1.tlog\cl.command.1.tlog
e:\3git\asn1序列化练习\asn1\debug\asn1.tlog\cl.read.1.tlog
e:\3git\asn1序列化练习\asn1\debug\asn1.tlog\cl.write.1.tlog
e:\3git\asn1序列化练习\asn1\debug\asn1.tlog\link.command.1.tlog
e:\3git\asn1序列化练习\asn1\debug\asn1.tlog\link.read.1.tlog
e:\3git\asn1序列化练习\asn1\debug\asn1.tlog\link.write.1.tlog
